INFO: [VRFC 10-2263] Analyzing Verilog file "C:/Users/lenovo/Desktop/2022_hardware_synthesis/MyMipsCPU/rtl/ip/data_mem/sim/data_mem.v" into library xil_defaultlib
INFO: [VRFC 10-311] analyzing module data_mem
INFO: [VRFC 10-2263] Analyzing Verilog file "C:/Users/lenovo/Desktop/2022_hardware_synthesis/MyMipsCPU/rtl/ip/inst_mem/sim/inst_mem.v" into library xil_defaultlib
INFO: [VRFC 10-311] analyzing module inst_mem
INFO: [VRFC 10-2263] Analyzing Verilog file "C:/Users/lenovo/Desktop/2022_hardware_synthesis/MyMipsCPU/rtl/adder.v" into library xil_defaultlib
INFO: [VRFC 10-311] analyzing module adder
INFO: [VRFC 10-2263] Analyzing Verilog file "C:/Users/lenovo/Desktop/2022_hardware_synthesis/MyMipsCPU/rtl/alu.v" into library xil_defaultlib
INFO: [VRFC 10-311] analyzing module alu
INFO: [VRFC 10-2263] Analyzing Verilog file "C:/Users/lenovo/Desktop/2022_hardware_synthesis/MyMipsCPU/rtl/aludec.v" into library xil_defaultlib
INFO: [VRFC 10-311] analyzing module aludec
INFO: [VRFC 10-2263] Analyzing Verilog file "C:/Users/lenovo/Desktop/2022_hardware_synthesis/MyMipsCPU/rtl/cp0_reg.v" into library xil_defaultlib
INFO: [VRFC 10-311] analyzing module cp0_reg
INFO: [VRFC 10-2263] Analyzing Verilog file "C:/Users/lenovo/Desktop/2022_hardware_synthesis/MyMipsCPU/rtl/div.v" into library xil_defaultlib
INFO: [VRFC 10-311] analyzing module div
INFO: [VRFC 10-2263] Analyzing Verilog file "C:/Users/lenovo/Desktop/2022_hardware_synthesis/MyMipsCPU/rtl/eqcmp.v" into library xil_defaultlib
INFO: [VRFC 10-311] analyzing module eqcmp
INFO: [VRFC 10-2263] Analyzing Verilog file "C:/Users/lenovo/Desktop/2022_hardware_synthesis/MyMipsCPU/rtl/exceptdec.v" into library xil_defaultlib
INFO: [VRFC 10-311] analyzing module exceptdec
INFO: [VRFC 10-2263] Analyzing Verilog file "C:/Users/lenovo/Desktop/2022_hardware_synthesis/MyMipsCPU/rtl/flopenrc.v" into library xil_defaultlib
INFO: [VRFC 10-311] analyzing module flopenrc
INFO: [VRFC 10-2263] Analyzing Verilog file "C:/Users/lenovo/Desktop/2022_hardware_synthesis/MyMipsCPU/rtl/flopr.v" into library xil_defaultlib
INFO: [VRFC 10-311] analyzing module flopr
INFO: [VRFC 10-2263] Analyzing Verilog file "C:/Users/lenovo/Desktop/2022_hardware_synthesis/MyMipsCPU/rtl/floprc.v" into library xil_defaultlib
INFO: [VRFC 10-311] analyzing module floprc
INFO: [VRFC 10-2263] Analyzing Verilog file "C:/Users/lenovo/Desktop/2022_hardware_synthesis/MyMipsCPU/rtl/hazard.v" into library xil_defaultlib
INFO: [VRFC 10-311] analyzing module hazard
INFO: [VRFC 10-2263] Analyzing Verilog file "C:/Users/lenovo/Desktop/2022_hardware_synthesis/MyMipsCPU/rtl/hilo_reg.v" into library xil_defaultlib
INFO: [VRFC 10-311] analyzing module hilo_reg
INFO: [VRFC 10-2263] Analyzing Verilog file "C:/Users/lenovo/Desktop/2022_hardware_synthesis/MyMipsCPU/rtl/maindec.v" into library xil_defaultlib
INFO: [VRFC 10-311] analyzing module maindec
INFO: [VRFC 10-2263] Analyzing Verilog file "C:/Users/lenovo/Desktop/2022_hardware_synthesis/MyMipsCPU/rtl/mem_ctrl.v" into library xil_defaultlib
INFO: [VRFC 10-311] analyzing module mem_ctrl
INFO: [VRFC 10-2263] Analyzing Verilog file "C:/Users/lenovo/Desktop/2022_hardware_synthesis/MyMipsCPU/rtl/mips.v" into library xil_defaultlib
INFO: [VRFC 10-311] analyzing module mips
INFO: [VRFC 10-2458] undeclared symbol rsD, assumed default net type wire [C:/Users/lenovo/Desktop/2022_hardware_synthesis/MyMipsCPU/rtl/mips.v:62]
INFO: [VRFC 10-2458] undeclared symbol rtD, assumed default net type wire [C:/Users/lenovo/Desktop/2022_hardware_synthesis/MyMipsCPU/rtl/mips.v:63]
INFO: [VRFC 10-2458] undeclared symbol branchD, assumed default net type wire [C:/Users/lenovo/Desktop/2022_hardware_synthesis/MyMipsCPU/rtl/mips.v:65]
INFO: [VRFC 10-2458] undeclared symbol jumpD, assumed default net type wire [C:/Users/lenovo/Desktop/2022_hardware_synthesis/MyMipsCPU/rtl/mips.v:67]
INFO: [VRFC 10-2458] undeclared symbol stallE, assumed default net type wire [C:/Users/lenovo/Desktop/2022_hardware_synthesis/MyMipsCPU/rtl/mips.v:82]
WARNING: [VRFC 10-2938] 'rsD' is already implicitly declared on line 62 [C:/Users/lenovo/Desktop/2022_hardware_synthesis/MyMipsCPU/rtl/mips.v:109]
WARNING: [VRFC 10-2938] 'stallE' is already implicitly declared on line 82 [C:/Users/lenovo/Desktop/2022_hardware_synthesis/MyMipsCPU/rtl/mips.v:130]
INFO: [VRFC 10-2458] undeclared symbol cp0_rdata2E, assumed default net type wire [C:/Users/lenovo/Desktop/2022_hardware_synthesis/MyMipsCPU/rtl/mips.v:254]
INFO: [VRFC 10-2458] undeclared symbol bad_addrM, assumed default net type wire [C:/Users/lenovo/Desktop/2022_hardware_synthesis/MyMipsCPU/rtl/mips.v:297]
INFO: [VRFC 10-2263] Analyzing Verilog file "C:/Users/lenovo/Desktop/2022_hardware_synthesis/MyMipsCPU/rtl/mux2.v" into library xil_defaultlib
INFO: [VRFC 10-311] analyzing module mux2
INFO: [VRFC 10-2263] Analyzing Verilog file "C:/Users/lenovo/Desktop/2022_hardware_synthesis/MyMipsCPU/rtl/mux3.v" into library xil_defaultlib
INFO: [VRFC 10-311] analyzing module mux3
INFO: [VRFC 10-2263] Analyzing Verilog file "C:/Users/lenovo/Desktop/2022_hardware_synthesis/MyMipsCPU/rtl/pc.v" into library xil_defaultlib
INFO: [VRFC 10-311] analyzing module pc
INFO: [VRFC 10-2263] Analyzing Verilog file "C:/Users/lenovo/Desktop/2022_hardware_synthesis/MyMipsCPU/rtl/regfile.v" into library xil_defaultlib
INFO: [VRFC 10-311] analyzing module regfile
INFO: [VRFC 10-2263] Analyzing Verilog file "C:/Users/lenovo/Desktop/2022_hardware_synthesis/MyMipsCPU/rtl/signext.v" into library xil_defaultlib
INFO: [VRFC 10-311] analyzing module signext
INFO: [VRFC 10-2263] Analyzing Verilog file "C:/Users/lenovo/Desktop/2022_hardware_synthesis/MyMipsCPU/rtl/sl2.v" into library xil_defaultlib
INFO: [VRFC 10-311] analyzing module sl2
INFO: [VRFC 10-2263] Analyzing Verilog file "C:/Users/lenovo/Desktop/2022_hardware_synthesis/MyMipsCPU/rtl/top.v" into library xil_defaultlib
INFO: [VRFC 10-311] analyzing module top
INFO: [VRFC 10-2263] Analyzing Verilog file "C:/Users/lenovo/Desktop/2022_hardware_synthesis/MyMipsCPU/sim/testbench.v" into library xil_defaultlib
INFO: [VRFC 10-311] analyzing module testbench
