#-----------------------------------------------------------
# Vivado v2019.2 (64-bit)
# SW Build 2708876 on Wed Nov  6 21:40:23 MST 2019
# IP Build 2700528 on Thu Nov  7 00:09:20 MST 2019
# Start of session at: Tue Jan  3 18:46:53 2023
# Process ID: 21640
# Current directory: C:/Users/lenovo/Desktop/2022_hardware_synthesis/MyMipsCPU/lab_4
# Command line: vivado.exe -gui_launcher_event rodinguilauncherevent24748 C:\Users\lenovo\Desktop\2022_hardware_synthesis\MyMipsCPU\lab_4\lab_4.xpr
# Log file: C:/Users/lenovo/Desktop/2022_hardware_synthesis/MyMipsCPU/lab_4/vivado.log
# Journal file: C:/Users/lenovo/Desktop/2022_hardware_synthesis/MyMipsCPU/lab_4\vivado.jou
#-----------------------------------------------------------
start_gui
open_project C:/Users/lenovo/Desktop/2022_hardware_synthesis/MyMipsCPU/lab_4/lab_4.xpr
INFO: [Project 1-313] Project file moved from 'C:/Users/lenovo/Desktop/2022_hardware _synthesis/MyMipsCPU/lab_4' since last save.
CRITICAL WARNING: [Project 1-311] Could not find the file 'C:/Users/lenovo/Desktop/2022_hardware_synthesis/MyMipsCPU/rtl/controller.v', nor could it be found using path 'C:/Users/lenovo/Desktop/2022_hardware _synthesis/MyMipsCPU/rtl/controller.v'.
CRITICAL WARNING: [Project 1-311] Could not find the file 'C:/Users/lenovo/Desktop/2022_hardware_synthesis/MyMipsCPU/rtl/datapath.v', nor could it be found using path 'C:/Users/lenovo/Desktop/2022_hardware _synthesis/MyMipsCPU/rtl/datapath.v'.
CRITICAL WARNING: [Project 1-311] Could not find the file 'C:/Users/lenovo/Desktop/2022_hardware_synthesis/MyMipsCPU/lab_4/testbench_behav.wcfg', nor could it be found using path 'C:/Users/lenovo/Desktop/2022_hardware _synthesis/MyMipsCPU/lab_4/testbench_behav.wcfg'.
Scanning sources...
Finished scanning sources
INFO: [IP_Flow 19-234] Refreshing IP repositories
INFO: [IP_Flow 19-1704] No user IP repositories specified
INFO: [IP_Flow 19-2313] Loaded Vivado IP repository 'D:/vivado/Vivado/2019.2/data/ip'.
open_project: Time (s): cpu = 00:00:13 ; elapsed = 00:00:10 . Memory (MB): peak = 908.004 ; gain = 291.672
update_compile_order -fileset sources_1
export_ip_user_files -of_objects  [get_files C:/Users/lenovo/Desktop/2022_hardware_synthesis/MyMipsCPU/rtl/controller.v] -no_script -reset -force -quiet
remove_files  C:/Users/lenovo/Desktop/2022_hardware_synthesis/MyMipsCPU/rtl/controller.v
export_ip_user_files -of_objects  [get_files C:/Users/lenovo/Desktop/2022_hardware_synthesis/MyMipsCPU/rtl/datapath.v] -no_script -reset -force -quiet
remove_files  C:/Users/lenovo/Desktop/2022_hardware_synthesis/MyMipsCPU/rtl/datapath.v
update_compile_order -fileset sources_1
add_files -norecurse C:/Users/lenovo/Desktop/2022_hardware_synthesis/MyMipsCPU/rtl/defines2.vh
update_compile_order -fileset sources_1
exit
INFO: [Common 17-206] Exiting Vivado at Tue Jan  3 18:53:12 2023...
